
SQL*Loader: Release 12.2.0.1.0 - Production on Sun Jan 12 14:39:44 2020

Copyright (c) 1982, 2017, Oracle and/or its affiliates.  All rights reserved.

Control File:   C:\Users\matts\Projects\Udemy-Projects\oracleDB12cSQL\instructorAssets\emp.ctl
Data File:      C:\Users\matts\Projects\Udemy-Projects\oracleDB12cSQL\instructorAssets\emp.csv
  Bad File:     C:\Users\matts\Projects\Udemy-Projects\oracleDB12cSQL\instructorAssets\emp.bad
  Discard File:  none specified
 
 (Allow all discards)

Number to load: ALL
Number to skip: 0
Errors allowed: 50
Bind array:     64 rows, maximum of 256000 bytes
Continuation:    none specified
Path used:      Conventional

Table EMP_LOAD, loaded from every logical record.
Insert option in effect for this table: APPEND

   Column Name                  Position   Len  Term Encl Datatype
------------------------------ ---------- ----- ---- ---- ---------------------
EMPNO                               FIRST     *   ,       CHARACTER            
FNAME                                NEXT     *   ,       CHARACTER            
LNAME                                NEXT     *   ,       CHARACTER            


Table EMP_LOAD:
  16125 Rows successfully loaded.
  0 Rows not loaded due to data errors.
  0 Rows not loaded because all WHEN clauses were failed.
  0 Rows not loaded because all fields were null.


Space allocated for bind array:                  49536 bytes(64 rows)
Read   buffer bytes: 1048576

Total logical records skipped:          0
Total logical records read:         16125
Total logical records rejected:         0
Total logical records discarded:        0

Run began on Sun Jan 12 14:39:44 2020
Run ended on Sun Jan 12 14:40:17 2020

Elapsed time was:     00:00:33.30
CPU time was:         00:00:00.47
